<?xml version="1.0" encoding="UTF-8"?>
<testng-results ignored="0" total="2" passed="2" failed="0" skipped="0">
  <reporter-output>
  </reporter-output>
  <suite started-at="2022-03-23T05:00:12 IST" name="Default suite" finished-at="2022-03-23T05:00:12 IST" duration-ms="52">
    <groups>
    </groups>
    <test started-at="2022-03-23T05:00:12 IST" name="Default test" finished-at="2022-03-23T05:00:12 IST" duration-ms="52">
      <class name="testngpackage.BaseClass">
        <test-method signature="multTwoNumber()[pri:0, instance:testngpackage.BaseClass@306e95ec]" started-at="2022-03-23T05:00:12 IST" name="multTwoNumber" finished-at="2022-03-23T05:00:12 IST" duration-ms="10" status="PASS">
          <reporter-output>
          </reporter-output>
        </test-method> <!-- multTwoNumber -->
        <test-method signature="AddTwoNumber()[pri:1, instance:testngpackage.BaseClass@306e95ec]" started-at="2022-03-23T05:00:12 IST" name="AddTwoNumber" finished-at="2022-03-23T05:00:12 IST" duration-ms="2" status="PASS">
          <reporter-output>
          </reporter-output>
        </test-method> <!-- AddTwoNumber -->
      </class> <!-- testngpackage.BaseClass -->
    </test> <!-- Default test -->
  </suite> <!-- Default suite -->
</testng-results>
